[debug] [2023-07-08T04:48:36.175Z] ----------------------------------------------------------------------
[debug] [2023-07-08T04:48:36.178Z] Command:       C:\Program Files\nodejs\node.exe C:\Users\user\AppData\Roaming\npm\node_modules\firebase-tools\lib\bin\firebase.js init
[debug] [2023-07-08T04:48:36.179Z] CLI Version:   11.21.0
[debug] [2023-07-08T04:48:36.179Z] Platform:      win32
[debug] [2023-07-08T04:48:36.179Z] Node Version:  v16.15.1
[debug] [2023-07-08T04:48:36.180Z] Time:          Sat Jul 08 2023 10:48:36 GMT+0600 (Bangladesh Standard Time)
[debug] [2023-07-08T04:48:36.181Z] ----------------------------------------------------------------------
[debug] 
[debug] [2023-07-08T04:48:36.191Z] > command requires scopes: ["email","openid","https://www.googleapis.com/auth/cloudplatformprojects.readonly","https://www.googleapis.com/auth/firebase","https://www.googleapis.com/auth/cloud-platform"]
[debug] [2023-07-08T04:48:36.192Z] > authorizing via signed-in user (ashrafdkia@gmail.com)
[info] 
     ######## #### ########  ######## ########     ###     ######  ########
     ##        ##  ##     ## ##       ##     ##  ##   ##  ##       ##
     ######    ##  ########  ######   ########  #########  ######  ######
     ##        ##  ##    ##  ##       ##     ## ##     ##       ## ##
     ##       #### ##     ## ######## ########  ##     ##  ######  ########

You're about to initialize a Firebase project in this directory:

  C:\projects1\puraton-boi-bazar-client

Before we get started, keep in mind:

  * You are currently outside your home directory

[info] 
=== Project Setup
[info] 
[info] First, let's associate this project directory with a Firebase project.
[info] You can create multiple project aliases by running firebase use --add, 
[info] but for now we'll just set up a default project.
[info] 
[info] i  If you want to create a project in a Google Cloud organization or folder, please use "firebase projects:create" instead, and return to this command when you've created the project. 
